0 info it worked if it ends with ok
1 verbose cli [ 'C:\\Program Files\\nodejs\\node.exe',
1 verbose cli   'C:\\Program Files\\nodejs\\node_modules\\npm\\bin\\npm-cli.js',
1 verbose cli   'publish' ]
2 info using npm@3.10.3
3 info using node@v6.4.0
4 verbose publish [ '.' ]
5 silly cache add args [ '.', null ]
6 verbose cache add spec .
7 silly cache add parsed spec Result {
7 silly cache add   raw: '.',
7 silly cache add   scope: null,
7 silly cache add   escapedName: null,
7 silly cache add   name: null,
7 silly cache add   rawSpec: '.',
7 silly cache add   spec: 'C:\\Users\\Bryan\\Desktop\\GitHub\\simple-youtube-api',
7 silly cache add   type: 'directory' }
8 verbose addLocalDirectory C:\Users\Bryan\AppData\Roaming\npm-cache\simple-youtube-api\1.0.0\package.tgz not in flight; packing
9 verbose correctMkdir C:\Users\Bryan\AppData\Roaming\npm-cache correctMkdir not in flight; initializing
10 info lifecycle simple-youtube-api@1.0.0~prepublish: simple-youtube-api@1.0.0
11 silly lifecycle simple-youtube-api@1.0.0~prepublish: no script for prepublish, continuing
12 verbose tar pack [ 'C:\\Users\\Bryan\\AppData\\Roaming\\npm-cache\\simple-youtube-api\\1.0.0\\package.tgz',
12 verbose tar pack   'C:\\Users\\Bryan\\Desktop\\GitHub\\simple-youtube-api' ]
13 verbose tarball C:\Users\Bryan\AppData\Roaming\npm-cache\simple-youtube-api\1.0.0\package.tgz
14 verbose folder C:\Users\Bryan\Desktop\GitHub\simple-youtube-api
15 verbose addLocalTarball adding from inside cache C:\Users\Bryan\AppData\Roaming\npm-cache\simple-youtube-api\1.0.0\package.tgz
16 verbose correctMkdir C:\Users\Bryan\AppData\Roaming\npm-cache correctMkdir not in flight; initializing
17 silly cache afterAdd simple-youtube-api@1.0.0
18 verbose afterAdd C:\Users\Bryan\AppData\Roaming\npm-cache\simple-youtube-api\1.0.0\package\package.json not in flight; writing
19 verbose correctMkdir C:\Users\Bryan\AppData\Roaming\npm-cache correctMkdir not in flight; initializing
20 verbose afterAdd C:\Users\Bryan\AppData\Roaming\npm-cache\simple-youtube-api\1.0.0\package\package.json written
21 silly publish { name: 'simple-youtube-api',
21 silly publish   version: '1.0.0',
21 silly publish   description: '- Getting videos by ID\r - Searching for videos by name\r - Getting playlist by ID\r - Getting videos from playlist',
21 silly publish   main: 'index.js',
21 silly publish   dependencies: { request: '^2.74.0' },
21 silly publish   repository:
21 silly publish    { type: 'git',
21 silly publish      url: 'git+https://github.com/Hyper-Coder/simple-youtube-api.git' },
21 silly publish   author: { name: 'Hyper-Coder' },
21 silly publish   license: 'MIT',
21 silly publish   bugs: { url: 'https://github.com/Hyper-Coder/simple-youtube-api/issues' },
21 silly publish   homepage: 'https://github.com/Hyper-Coder/simple-youtube-api',
21 silly publish   readme: '# Simple YouTube API\r\n## This is designed to simplify some functions of the YouTube API.\r\n\r\n\r\n### Currently Supported:\r\n- Getting videos by ID\r\n- Searching for videos by name\r\n- Getting playlist by ID\r\n- Getting videos from playlist\r\n',
21 silly publish   readmeFilename: 'README.md',
21 silly publish   gitHead: '61fccde138a33ca0070a56412307c4c37567bffe',
21 silly publish   _id: 'simple-youtube-api@1.0.0',
21 silly publish   scripts: {},
21 silly publish   _shasum: '4be53fac5c4a6492360b71f6f79150e317413373',
21 silly publish   _from: '.' }
22 verbose getPublishConfig undefined
23 silly mapToRegistry name simple-youtube-api
24 silly mapToRegistry using default registry
25 silly mapToRegistry registry https://registry.npmjs.org/
26 silly mapToRegistry data Result {
26 silly mapToRegistry   raw: 'simple-youtube-api',
26 silly mapToRegistry   scope: null,
26 silly mapToRegistry   escapedName: 'simple-youtube-api',
26 silly mapToRegistry   name: 'simple-youtube-api',
26 silly mapToRegistry   rawSpec: '',
26 silly mapToRegistry   spec: 'latest',
26 silly mapToRegistry   type: 'tag' }
27 silly mapToRegistry uri https://registry.npmjs.org/simple-youtube-api
28 verbose publish registryBase https://registry.npmjs.org/
29 silly publish uploading C:\Users\Bryan\AppData\Roaming\npm-cache\simple-youtube-api\1.0.0\package.tgz
30 verbose request uri https://registry.npmjs.org/simple-youtube-api
31 verbose request sending authorization for write operation
32 info attempt registry request try #1 at 2:13:18 AM
33 verbose request using bearer token for auth
34 verbose request id 576047500b5cb063
35 http request PUT https://registry.npmjs.org/simple-youtube-api
36 http 403 https://registry.npmjs.org/simple-youtube-api
37 verbose headers { 'content-type': 'application/json',
37 verbose headers   'cache-control': 'max-age=300',
37 verbose headers   'content-length': '95',
37 verbose headers   'accept-ranges': 'bytes',
37 verbose headers   date: 'Thu, 01 Sep 2016 06:13:18 GMT',
37 verbose headers   via: '1.1 varnish',
37 verbose headers   connection: 'keep-alive',
37 verbose headers   'x-served-by': 'cache-jfk8150-JFK',
37 verbose headers   'x-cache': 'MISS',
37 verbose headers   'x-cache-hits': '0',
37 verbose headers   'x-timer': 'S1472710397.895330,VS0,VE503',
37 verbose headers   vary: 'Accept-Encoding' }
38 verbose request invalidating C:\Users\Bryan\AppData\Roaming\npm-cache\registry.npmjs.org\simple-youtube-api on PUT
39 error publish Failed PUT 403
40 verbose stack Error: "You cannot publish over the previously published version 1.0.0." : simple-youtube-api
40 verbose stack     at makeError (C:\Program Files\nodejs\node_modules\npm\node_modules\npm-registry-client\lib\request.js:264:12)
40 verbose stack     at CachingRegistryClient.<anonymous> (C:\Program Files\nodejs\node_modules\npm\node_modules\npm-registry-client\lib\request.js:252:14)
40 verbose stack     at Request._callback (C:\Program Files\nodejs\node_modules\npm\node_modules\npm-registry-client\lib\request.js:172:14)
40 verbose stack     at Request.self.callback (C:\Program Files\nodejs\node_modules\npm\node_modules\request\request.js:200:22)
40 verbose stack     at emitTwo (events.js:106:13)
40 verbose stack     at Request.emit (events.js:191:7)
40 verbose stack     at Request.<anonymous> (C:\Program Files\nodejs\node_modules\npm\node_modules\request\request.js:1067:10)
40 verbose stack     at emitOne (events.js:101:20)
40 verbose stack     at Request.emit (events.js:188:7)
40 verbose stack     at IncomingMessage.<anonymous> (C:\Program Files\nodejs\node_modules\npm\node_modules\request\request.js:988:12)
41 verbose statusCode 403
42 verbose pkgid simple-youtube-api
43 verbose cwd C:\Users\Bryan\Desktop\GitHub\simple-youtube-api
44 error Windows_NT 10.0.10586
45 error argv "C:\\Program Files\\nodejs\\node.exe" "C:\\Program Files\\nodejs\\node_modules\\npm\\bin\\npm-cli.js" "publish"
46 error node v6.4.0
47 error npm  v3.10.3
48 error code E403
49 error "You cannot publish over the previously published version 1.0.0." : simple-youtube-api
50 error If you need help, you may report this error at:
50 error     <https://github.com/npm/npm/issues>
51 verbose exit [ 1, true ]
